<?xml version="1.0" encoding="UTF-8"?>
<!-- Generated by org.testng.reporters.JUnitXMLReporter -->
<testsuite ignored="1" hostname="Sruthi" failures="0" tests="2" name="Grouping" time="12.5" errors="0" timestamp="2025-01-10T11:08:37 IST">
  <testcase classname="testcase.LoginTestcase" name="verifyUserIsableToLoginwithInValidUsernameandInvalidPassword" time="2.2"/>
  <testcase classname="testcase.LoginTestcase" name="verifyUserIsableToLoginwithValidUsernameandInvalidPassword" time="2.819"/>
  <testcase classname="testcase.LoginTestcase" name="verifyuserisableToLoginValidCredentials" time="0.0">
    <ignored/>
  </testcase> <!-- verifyuserisableToLoginValidCredentials -->
</testsuite> <!-- Grouping -->
