<?xml version="1.0" encoding="UTF-8"?>
<testng-results ignored="0" total="1" passed="1" failed="0" skipped="0">
  <reporter-output>
  </reporter-output>
  <suite started-at="2025-01-03T12:30:58 GMT+08:00" name="Suite" finished-at="2025-01-03T12:31:04 GMT+08:00" duration-ms="6109">
    <groups>
    </groups>
    <test started-at="2025-01-03T12:30:58 GMT+08:00" name="Test" finished-at="2025-01-03T12:31:04 GMT+08:00" duration-ms="6109">
      <class name="testcases.AdminUserSearchTestCase">
        <test-method is-config="true" signature="beforeMethod()[pri:0, instance:testcases.AdminUserSearchTestCase@59662a0b]" started-at="2025-01-03T12:30:58 GMT+08:00" name="beforeMethod" finished-at="2025-01-03T12:31:01 GMT+08:00" duration-ms="3176" status="PASS">
          <reporter-output>
          </reporter-output>
        </test-method> <!-- beforeMethod -->
        <test-method signature="verifyUserIsableToSearchUsernameandType(java.lang.String,java.lang.String,java.lang.String,java.lang.String)[pri:0, instance:testcases.AdminUserSearchTestCase@59662a0b]" started-at="2025-01-03T12:31:01 GMT+08:00" name="verifyUserIsableToSearchUsernameandType" finished-at="2025-01-03T12:31:04 GMT+08:00" duration-ms="2876" status="PASS">
          <params>
            <param index="0">
              <value>
                <![CDATA[admin]]>
              </value>
            </param>
            <param index="1">
              <value>
                <![CDATA[admin]]>
              </value>
            </param>
            <param index="2">
              <value>
                <![CDATA[Surabhi]]>
              </value>
            </param>
            <param index="3">
              <value>
                <![CDATA[Staff]]>
              </value>
            </param>
          </params>
          <reporter-output>
          </reporter-output>
        </test-method> <!-- verifyUserIsableToSearchUsernameandType -->
        <test-method is-config="true" signature="afterMethod()[pri:0, instance:testcases.AdminUserSearchTestCase@59662a0b]" started-at="2025-01-03T12:31:04 GMT+08:00" name="afterMethod" finished-at="2025-01-03T12:31:04 GMT+08:00" duration-ms="0" status="PASS">
          <reporter-output>
          </reporter-output>
        </test-method> <!-- afterMethod -->
      </class> <!-- testcases.AdminUserSearchTestCase -->
    </test> <!-- Test -->
  </suite> <!-- Suite -->
</testng-results>
