<?xml version="1.0" encoding="UTF-8"?>
<testng-results ignored="0" total="1" passed="1" failed="0" skipped="0">
  <reporter-output>
  </reporter-output>
  <suite started-at="2025-01-01T23:31:37 GMT+08:00" name="Default suite" finished-at="2025-01-01T23:31:46 GMT+08:00" duration-ms="9484">
    <groups>
    </groups>
    <test started-at="2025-01-01T23:31:37 GMT+08:00" name="Default test" finished-at="2025-01-01T23:31:46 GMT+08:00" duration-ms="9484">
      <class name="testScript.LoginTestcase">
        <test-method is-config="true" signature="beforeMethod()[pri:0, instance:testScript.LoginTestcase@36902638]" started-at="2025-01-01T23:31:37 GMT+08:00" name="beforeMethod" finished-at="2025-01-01T23:31:44 GMT+08:00" duration-ms="7223" status="PASS">
          <reporter-output>
          </reporter-output>
        </test-method> <!-- beforeMethod -->
        <test-method signature="verifyuserisableToLoginValidCredentials()[pri:0, instance:testScript.LoginTestcase@36902638]" started-at="2025-01-01T23:31:44 GMT+08:00" name="verifyuserisableToLoginValidCredentials" finished-at="2025-01-01T23:31:46 GMT+08:00" duration-ms="2213" status="PASS">
          <reporter-output>
          </reporter-output>
        </test-method> <!-- verifyuserisableToLoginValidCredentials -->
        <test-method is-config="true" signature="afterMethod()[pri:0, instance:testScript.LoginTestcase@36902638]" started-at="2025-01-01T23:31:46 GMT+08:00" name="afterMethod" finished-at="2025-01-01T23:31:46 GMT+08:00" duration-ms="0" status="PASS">
          <reporter-output>
          </reporter-output>
        </test-method> <!-- afterMethod -->
      </class> <!-- testScript.LoginTestcase -->
    </test> <!-- Default test -->
  </suite> <!-- Default suite -->
</testng-results>
