<?xml version="1.0" encoding="UTF-8"?>
<testng-results ignored="0" total="1" passed="1" failed="0" skipped="0">
  <reporter-output>
  </reporter-output>
  <suite started-at="2025-01-13T23:55:33 IST" name="TestcaseRun" finished-at="2025-01-13T23:55:45 IST" duration-ms="12489">
    <groups>
    </groups>
    <test started-at="2025-01-13T23:55:33 IST" name="ChromeTest" finished-at="2025-01-13T23:55:45 IST" duration-ms="12489">
      <class name="testcase.SearchUserDeleteTestcase">
        <test-method is-config="true" signature="beforeMethod(java.lang.String)[pri:0, instance:testcase.SearchUserDeleteTestcase@4d9e68d0]" started-at="2025-01-13T23:55:33 IST" name="beforeMethod" finished-at="2025-01-13T23:55:37 IST" duration-ms="3907" status="PASS">
          <params>
            <param index="0">
              <value>
                <![CDATA[Chrome]]>
              </value>
            </param>
          </params>
          <reporter-output>
          </reporter-output>
        </test-method> <!-- beforeMethod -->
        <test-method signature="verifyUserIsableToDeleteSearchedUser()[pri:0, instance:testcase.SearchUserDeleteTestcase@4d9e68d0]" started-at="2025-01-13T23:55:37 IST" name="verifyUserIsableToDeleteSearchedUser" finished-at="2025-01-13T23:55:45 IST" duration-ms="8352" status="PASS">
          <reporter-output>
          </reporter-output>
        </test-method> <!-- verifyUserIsableToDeleteSearchedUser -->
        <test-method is-config="true" signature="afterMethod(org.testng.ITestResult)[pri:0, instance:testcase.SearchUserDeleteTestcase@4d9e68d0]" started-at="2025-01-13T23:55:45 IST" name="afterMethod" finished-at="2025-01-13T23:55:45 IST" duration-ms="204" status="PASS">
          <params>
            <param index="0">
              <value>
                <![CDATA[[TestResult name=verifyUserIsableToDeleteSearchedUser status=SUCCESS method=SearchUserDeleteTestcase.verifyUserIsableToDeleteSearchedUser()[pri:0, instance:testcase.SearchUserDeleteTestcase@4d9e68d0] output={null}]]]>
              </value>
            </param>
          </params>
          <reporter-output>
          </reporter-output>
        </test-method> <!-- afterMethod -->
      </class> <!-- testcase.SearchUserDeleteTestcase -->
    </test> <!-- ChromeTest -->
  </suite> <!-- TestcaseRun -->
</testng-results>
